<?xml version="1.0" encoding="UTF-8"?>
<!-- Generated by org.testng.reporters.JUnitReportReporter -->
<testsuite hostname="paramdeep-QA" failures="0" tests="1" name="com.qa.testcase.SolarTest" time="52.802" errors="0" timestamp="01 Apr 2021 12:35:05 GMT" skipped="0">
  <testcase classname="com.qa.testcase.SolarTest" name="validatePropertyTest" time="52.802"/>
</testsuite> <!-- com.qa.testcase.SolarTest -->
