<?xml version="1.0" encoding="UTF-8"?>
<!-- Generated by org.testng.reporters.JUnitReportReporter -->
<testsuite hostname="paramdeep-QA" failures="0" tests="1" name="com.qa.testcase.YourIdentificationPageTest" time="122.965" errors="0" timestamp="17 Apr 2021 20:58:33 GMT" skipped="0">
  <testcase classname="com.qa.testcase.YourIdentificationPageTest" name="validateYourConnectionDetailsTest" time="122.965"/>
</testsuite> <!-- com.qa.testcase.YourIdentificationPageTest -->
