<?xml version="1.0" encoding="UTF-8"?>
<!-- Generated by org.testng.reporters.JUnitReportReporter -->
<testsuite hostname="paramdeep-QA" failures="0" tests="1" name="com.qa.testcase.SaleCreatedPageTest" time="140.569" errors="0" timestamp="17 Apr 2021 22:57:51 GMT" skipped="0">
  <testcase classname="com.qa.testcase.SaleCreatedPageTest" name="validateSaleCreatedPageTest" time="140.569"/>
</testsuite> <!-- com.qa.testcase.SaleCreatedPageTest -->
