<?xml version="1.0" encoding="UTF-8"?>
<!-- Generated by org.testng.reporters.JUnitReportReporter -->
<testsuite hostname="paramdeep-QA" failures="0" tests="1" name="com.qa.testcase.LifeSupportTest" time="46.033" errors="0" timestamp="02 Apr 2021 04:42:30 GMT" skipped="0">
  <testcase classname="com.qa.testcase.LifeSupportTest" name="validatelifesupportTest" time="46.033"/>
</testsuite> <!-- com.qa.testcase.LifeSupportTest -->
