<?xml version="1.0" encoding="UTF-8"?>
<!-- Generated by org.testng.reporters.JUnitReportReporter -->
<testsuite hostname="paramdeep-QA" failures="0" tests="1" name="com.qa.testcase.HomePageTest" time="70.540" errors="0" timestamp="13 Apr 2021 17:33:53 GMT" skipped="0">
  <testcase classname="com.qa.testcase.HomePageTest" name="homePageTitleTest" time="70.540"/>
</testsuite> <!-- com.qa.testcase.HomePageTest -->
