<?xml version="1.0" encoding="UTF-8"?>
<!-- Generated by org.testng.reporters.JUnitReportReporter -->
<testsuite hostname="paramdeep-QA" failures="0" tests="1" name="com.qa.testcase.OtpPageTest" time="151.336" errors="0" timestamp="17 Apr 2021 22:49:28 GMT" skipped="0">
  <testcase classname="com.qa.testcase.OtpPageTest" name="validateOtpPageTest" time="151.336"/>
</testsuite> <!-- com.qa.testcase.OtpPageTest -->
