<?xml version="1.0" encoding="UTF-8"?>
<!-- Generated by org.testng.reporters.JUnitReportReporter -->
<testsuite skipped="0" hostname="PARAM" name="com.qa.testcase.ResidentialPageTest" tests="1" failures="0" timestamp="09 Mar 2021 16:10:16 GMT" time="43.684" errors="0">
  <testcase name="validatePropertyTest" time="43.684" classname="com.qa.testcase.ResidentialPageTest"/>
</testsuite> <!-- com.qa.testcase.ResidentialPageTest -->
