<?xml version="1.0" encoding="UTF-8"?>
<!-- Generated by org.testng.reporters.JUnitReportReporter -->
<testsuite hostname="paramdeep-QA" failures="0" tests="1" name="com.qa.testcase.YourAccountPageTest" time="70.968" errors="0" timestamp="16 Apr 2021 19:22:38 GMT" skipped="0">
  <testcase classname="com.qa.testcase.YourAccountPageTest" name="validateYourConnectionDetailsTest" time="70.968"/>
</testsuite> <!-- com.qa.testcase.YourAccountPageTest -->
