<?xml version="1.0" encoding="UTF-8"?>
<!-- Generated by org.testng.reporters.JUnitReportReporter -->
<testsuite hostname="paramdeep-QA" failures="0" tests="1" name="com.qa.testcase.DebitCardDetailsPageTest" time="132.520" errors="0" timestamp="17 Apr 2021 21:38:09 GMT" skipped="0">
  <testcase classname="com.qa.testcase.DebitCardDetailsPageTest" name="validateDebitCardDetailsPageTest" time="132.520"/>
</testsuite> <!-- com.qa.testcase.DebitCardDetailsPageTest -->
