<?xml version="1.0" encoding="UTF-8"?>
<!-- Generated by org.testng.reporters.JUnitReportReporter -->
<testsuite hostname="paramdeep-QA" failures="0" tests="1" name="com.qa.testcase.OtpPageTest" time="135.609" errors="0" timestamp="17 Apr 2021 21:57:57 GMT" skipped="0">
  <testcase classname="com.qa.testcase.OtpPageTest" name="validateOtpPageTest" time="135.609"/>
</testsuite> <!-- com.qa.testcase.OtpPageTest -->
