<?xml version="1.0" encoding="UTF-8"?>
<!-- Generated by org.testng.reporters.JUnitReportReporter -->
<testsuite hostname="paramdeep-QA" failures="0" tests="1" name="com.qa.testcase.YourConnectionPageTest" time="101.852" errors="0" timestamp="16 Apr 2021 19:36:14 GMT" skipped="0">
  <testcase classname="com.qa.testcase.YourConnectionPageTest" name="validateYourConnectionDetailsTest" time="101.852"/>
</testsuite> <!-- com.qa.testcase.YourConnectionPageTest -->
