<?xml version="1.0" encoding="UTF-8"?>
<!-- Generated by org.testng.reporters.JUnitReportReporter -->
<testsuite hostname="paramdeep-QA" failures="0" tests="1" name="com.qa.testcase.YourConnectionPageTest" time="122.860" errors="0" timestamp="17 Apr 2021 16:37:04 GMT" skipped="0">
  <testcase classname="com.qa.testcase.YourConnectionPageTest" name="validateYourConnectionDetailsTest" time="122.860"/>
</testsuite> <!-- com.qa.testcase.YourConnectionPageTest -->
