<?xml version="1.0" encoding="UTF-8"?>
<!-- Generated by org.testng.reporters.JUnitReportReporter -->
<testsuite skipped="0" hostname="PARAM" name="com.qa.testcase.ElectricityPageTest" tests="1" failures="0" timestamp="09 Mar 2021 16:07:06 GMT" time="32.994" errors="0">
  <testcase name="TaskTest" time="32.994" classname="com.qa.testcase.ElectricityPageTest"/>
</testsuite> <!-- com.qa.testcase.ElectricityPageTest -->
