<?xml version="1.0" encoding="UTF-8"?>
<!-- Generated by org.testng.reporters.JUnitReportReporter -->
<testsuite hostname="paramdeep-QA" failures="0" tests="1" name="com.qa.testcase.PopUpPageTest" time="45.290" errors="0" timestamp="03 Apr 2021 06:42:59 GMT" skipped="0">
  <testcase classname="com.qa.testcase.PopUpPageTest" name="validateCredentialsTest" time="45.290"/>
</testsuite> <!-- com.qa.testcase.PopUpPageTest -->
