<?xml version="1.0" encoding="UTF-8"?>
<!-- Generated by org.testng.reporters.JUnitReportReporter -->
<testsuite hostname="paramdeep-QA" failures="0" tests="1" name="com.qa.testcase.PlanListingPageTest" time="65.156" errors="0" timestamp="06 Apr 2021 07:04:28 GMT" skipped="0">
  <testcase classname="com.qa.testcase.PlanListingPageTest" name="validateCredentialsTest" time="65.156"/>
</testsuite> <!-- com.qa.testcase.PlanListingPageTest -->
